#
# There is insufficient memory for the Java Runtime Environment to continue.
# Native memory allocation (malloc) failed to allocate 897264 bytes for Chunk::new
# Possible reasons:
#   The system is out of physical RAM or swap space
#   The process is running with CompressedOops enabled, and the Java Heap may be blocking the growth of the native heap
# Possible solutions:
#   Reduce memory load on the system
#   Increase physical memory or swap space
#   Check if swap backing store is full
#   Decrease Java heap size (-Xmx/-Xms)
#   Decrease number of Java threads
#   Decrease Java thread stack sizes (-Xss)
#   Set larger code cache with -XX:ReservedCodeCacheSize=
#   JVM is running with Unscaled Compressed Oops mode in which the Java heap is
#     placed in the first 4GB address space. The Java Heap base address is the
#     maximum limit for the native heap growth. Please use -XX:HeapBaseMinAddress
#     to set the Java Heap base and to place the Java Heap above 4GB virtual address.
# This output file may be truncated or incomplete.
#
#  Out of Memory Error (arena.cpp:189), pid=5540, tid=12984
#
# JRE version: OpenJDK Runtime Environment Microsoft-8297089 (17.0.8.1+1) (build 17.0.8.1+1-LTS)
# Java VM: OpenJDK 64-Bit Server VM Microsoft-8297089 (17.0.8.1+1-LTS, mixed mode, sharing, tiered, compressed oops, compressed class ptrs, g1 gc, windows-amd64)
# No core dump will be written. Minidumps are not enabled by default on client versions of Windows
#

---------------  S U M M A R Y ------------

Command Line: -Dapplication.home=C:\Program Files (x86)\Android\openjdk\jdk-17.0.8.101-hotspot --add-modules=ALL-DEFAULT -Xms8m -Dfile.encoding=UTF8 -Djdk.module.main=jdk.compiler jdk.compiler/com.sun.tools.javac.Main @C:\Users\jcram\AppData\Local\Temp\tmp60C4.tmp -target 1.8 -source 1.8

Host: Intel(R) Core(TM) i7-10510U CPU @ 1.80GHz, 8 cores, 7G,  Windows 11 , 64 bit Build 22621 (10.0.22621.3374)
Time: Fri May 10 19:24:52 2024 Hora est. Pacífico, Sudamérica elapsed time: 13.468101 seconds (0d 0h 0m 13s)

---------------  T H R E A D  ---------------

Current thread (0x00000170df28f190):  JavaThread "C2 CompilerThread0" daemon [_thread_in_native, id=12984, stack(0x0000002cfb400000,0x0000002cfb500000)]


Current CompileTask:
C2:  13468 5592       4       com.sun.tools.javac.comp.Attr::selectSym (457 bytes)

Stack: [0x0000002cfb400000,0x0000002cfb500000]
Native frames: (J=compiled Java code, j=interpreted, Vv=VM code, C=native code)
V  [jvm.dll+0x67bf3a]
V  [jvm.dll+0x83a024]
V  [jvm.dll+0x83b7ce]
V  [jvm.dll+0x83be33]
V  [jvm.dll+0x24785f]
V  [jvm.dll+0xac3bc]
V  [jvm.dll+0xac98c]
V  [jvm.dll+0x368107]
V  [jvm.dll+0x1bd6d8]
V  [jvm.dll+0x21a289]
V  [jvm.dll+0x219551]
V  [jvm.dll+0x1a56b6]
V  [jvm.dll+0x2291ea]
V  [jvm.dll+0x22724c]
V  [jvm.dll+0x7efd0c]
V  [jvm.dll+0x7ea13a]
V  [jvm.dll+0x67ad85]
C  [ucrtbase.dll+0x29333]
C  [KERNEL32.DLL+0x1257d]
C  [ntdll.dll+0x5aa48]


---------------  P R O C E S S  ---------------

Threads class SMR info:
_java_thread_list=0x0000017125485160, length=13, elements={
0x00000170c105e970, 0x00000170df274bc0, 0x00000170df275780, 0x00000170df28c0a0,
0x00000170df28cc60, 0x00000170df28d620, 0x00000170df28e3f0, 0x00000170df28f190,
0x00000170df291470, 0x00000170df294280, 0x00000170df4d0f30, 0x00000170df52dfd0,
0x000001712561edc0
}

Java Threads: ( => current thread )
  0x00000170c105e970 JavaThread "main" [_thread_in_native, id=20964, stack(0x0000002cfa700000,0x0000002cfa800000)]
  0x00000170df274bc0 JavaThread "Reference Handler" daemon [_thread_blocked, id=19552, stack(0x0000002cfae00000,0x0000002cfaf00000)]
  0x00000170df275780 JavaThread "Finalizer" daemon [_thread_blocked, id=18380, stack(0x0000002cfaf00000,0x0000002cfb000000)]
  0x00000170df28c0a0 JavaThread "Signal Dispatcher" daemon [_thread_blocked, id=15316, stack(0x0000002cfb000000,0x0000002cfb100000)]
  0x00000170df28cc60 JavaThread "Attach Listener" daemon [_thread_blocked, id=8844, stack(0x0000002cfb100000,0x0000002cfb200000)]
  0x00000170df28d620 JavaThread "Service Thread" daemon [_thread_blocked, id=25236, stack(0x0000002cfb200000,0x0000002cfb300000)]
  0x00000170df28e3f0 JavaThread "Monitor Deflation Thread" daemon [_thread_blocked, id=6664, stack(0x0000002cfb300000,0x0000002cfb400000)]
=>0x00000170df28f190 JavaThread "C2 CompilerThread0" daemon [_thread_in_native, id=12984, stack(0x0000002cfb400000,0x0000002cfb500000)]
  0x00000170df291470 JavaThread "C1 CompilerThread0" daemon [_thread_blocked, id=9352, stack(0x0000002cfb500000,0x0000002cfb600000)]
  0x00000170df294280 JavaThread "Sweeper thread" daemon [_thread_blocked, id=15808, stack(0x0000002cfb600000,0x0000002cfb700000)]
  0x00000170df4d0f30 JavaThread "Common-Cleaner" daemon [_thread_blocked, id=13168, stack(0x0000002cfb700000,0x0000002cfb800000)]
  0x00000170df52dfd0 JavaThread "Notification Thread" daemon [_thread_blocked, id=3152, stack(0x0000002cfb800000,0x0000002cfb900000)]
  0x000001712561edc0 JavaThread "C2 CompilerThread1" daemon [_thread_in_native, id=27288, stack(0x0000002cfbd00000,0x0000002cfbe00000)]

Other Threads:
  0x00000170df271cf0 VMThread "VM Thread" [stack: 0x0000002cfad00000,0x0000002cfae00000] [id=23336]
  0x00000170c10d10b0 WatcherThread [stack: 0x0000002cfb900000,0x0000002cfba00000] [id=24716]
  0x00000170c10b9c80 GCTaskThread "GC Thread#0" [stack: 0x0000002cfa800000,0x0000002cfa900000] [id=26500]
  0x00000170df6e2250 GCTaskThread "GC Thread#1" [stack: 0x0000002cfba00000,0x0000002cfbb00000] [id=15060]
  0x00000170df7c5e10 GCTaskThread "GC Thread#2" [stack: 0x0000002cfbb00000,0x0000002cfbc00000] [id=23532]
  0x00000170df7c60d0 GCTaskThread "GC Thread#3" [stack: 0x0000002cfbc00000,0x0000002cfbd00000] [id=22832]
  0x00000171252706c0 GCTaskThread "GC Thread#4" [stack: 0x0000002cfbe00000,0x0000002cfbf00000] [id=13144]
  0x0000017125270980 GCTaskThread "GC Thread#5" [stack: 0x0000002cfbf00000,0x0000002cfc000000] [id=17456]
  0x000001712656cce0 GCTaskThread "GC Thread#6" [stack: 0x0000002cfc100000,0x0000002cfc200000] [id=13072]
  0x0000017126b68590 GCTaskThread "GC Thread#7" [stack: 0x0000002cfc800000,0x0000002cfc900000] [id=6836]
  0x00000170c10ca3f0 ConcurrentGCThread "G1 Main Marker" [stack: 0x0000002cfa900000,0x0000002cfaa00000] [id=9092]
  0x00000170c10cb440 ConcurrentGCThread "G1 Conc#0" [stack: 0x0000002cfaa00000,0x0000002cfab00000] [id=7964]
  0x00000170df86ecc0 ConcurrentGCThread "G1 Conc#1" [stack: 0x0000002cfc000000,0x0000002cfc100000] [id=23668]
  0x00000170c10f5ba0 ConcurrentGCThread "G1 Refine#0" [stack: 0x0000002cfab00000,0x0000002cfac00000] [id=20264]
  0x0000017125ab9320 ConcurrentGCThread "G1 Refine#1" [stack: 0x0000002cfc200000,0x0000002cfc300000] [id=21104]
  0x0000017125ab9610 ConcurrentGCThread "G1 Refine#2" [stack: 0x0000002cfc300000,0x0000002cfc400000] [id=16224]
  0x0000017125f63750 ConcurrentGCThread "G1 Refine#3" [stack: 0x0000002cfc400000,0x0000002cfc500000] [id=17000]
  0x0000017125f64250 ConcurrentGCThread "G1 Refine#4" [stack: 0x0000002cfc500000,0x0000002cfc600000] [id=13444]
  0x0000017126adde90 ConcurrentGCThread "G1 Refine#5" [stack: 0x0000002cfc600000,0x0000002cfc700000] [id=27160]
  0x0000017126e09430 ConcurrentGCThread "G1 Refine#6" [stack: 0x0000002cfc700000,0x0000002cfc800000] [id=14088]
  0x00000170c10f6470 ConcurrentGCThread "G1 Service" [stack: 0x0000002cfac00000,0x0000002cfad00000] [id=13504]

Threads with active compile tasks:
C2 CompilerThread0    13503 5592       4       com.sun.tools.javac.comp.Attr::selectSym (457 bytes)
C2 CompilerThread1    13503 5602       4       com.sun.tools.javac.tree.TreeInfo::getStartPos (767 bytes)

VM state: not at safepoint (normal execution)

VM Mutex/Monitor currently owned by a thread: None

Heap address: 0x0000000083400000, size: 1996 MB, Compressed Oops mode: 32-bit

CDS archive(s) mapped at: [0x00000170e0000000-0x00000170e0bd0000-0x00000170e0bd0000), size 12386304, SharedBaseAddress: 0x00000170e0000000, ArchiveRelocationMode: 1.
Compressed class space mapped at: 0x00000170e1000000-0x0000017121000000, reserved size: 1073741824
Narrow klass base: 0x00000170e0000000, Narrow klass shift: 0, Narrow klass range: 0x100000000

GC Precious Log:
 CPUs: 8 total, 8 available
 Memory: 7979M
 Large Page Support: Disabled
 NUMA Support: Disabled
 Compressed Oops: Enabled (32-bit)
 Heap Region Size: 1M
 Heap Min Capacity: 8M
 Heap Initial Capacity: 8M
 Heap Max Capacity: 1996M
 Pre-touch: Disabled
 Parallel Workers: 8
 Concurrent Workers: 2
 Concurrent Refinement Workers: 8
 Periodic GC: Disabled

Heap:
 garbage-first heap   total 270336K, used 196637K [0x0000000083400000, 0x0000000100000000)
  region size 1024K, 117 young (119808K), 13 survivors (13312K)
 Metaspace       used 11971K, committed 12160K, reserved 1114112K
  class space    used 1134K, committed 1216K, reserved 1048576K

Heap Regions: E=young(eden), S=young(survivor), O=old, HS=humongous(starts), HC=humongous(continues), CS=collection set, F=free, OA=open archive, CA=closed archive, TAMS=top-at-mark-start (previous, next)
|   0|0x0000000083400000, 0x0000000083500000, 0x0000000083500000|100%| O|  |TAMS 0x0000000083500000, 0x0000000083500000| Untracked 
|   1|0x0000000083500000, 0x0000000083600000, 0x0000000083600000|100%| O|  |TAMS 0x0000000083600000, 0x0000000083600000| Untracked 
|   2|0x0000000083600000, 0x0000000083700000, 0x0000000083700000|100%| O|  |TAMS 0x0000000083700000, 0x0000000083700000| Untracked 
|   3|0x0000000083700000, 0x0000000083800000, 0x0000000083800000|100%| O|  |TAMS 0x0000000083800000, 0x0000000083800000| Untracked 
|   4|0x0000000083800000, 0x0000000083900000, 0x0000000083900000|100%| O|  |TAMS 0x0000000083900000, 0x0000000083900000| Untracked 
|   5|0x0000000083900000, 0x0000000083a00000, 0x0000000083a00000|100%| O|  |TAMS 0x0000000083a00000, 0x0000000083a00000| Untracked 
|   6|0x0000000083a00000, 0x0000000083b00000, 0x0000000083b00000|100%| O|  |TAMS 0x0000000083b00000, 0x0000000083b00000| Untracked 
|   7|0x0000000083b00000, 0x0000000083c00000, 0x0000000083c00000|100%| O|  |TAMS 0x0000000083c00000, 0x0000000083c00000| Untracked 
|   8|0x0000000083c00000, 0x0000000083d00000, 0x0000000083d00000|100%| O|  |TAMS 0x0000000083d00000, 0x0000000083d00000| Untracked 
|   9|0x0000000083d00000, 0x0000000083e00000, 0x0000000083e00000|100%|HS|  |TAMS 0x0000000083e00000, 0x0000000083e00000| Complete 
|  10|0x0000000083e00000, 0x0000000083f00000, 0x0000000083f00000|100%|HC|  |TAMS 0x0000000083f00000, 0x0000000083f00000| Complete 
|  11|0x0000000083f00000, 0x0000000084000000, 0x0000000084000000|100%|HC|  |TAMS 0x0000000084000000, 0x0000000084000000| Complete 
|  12|0x0000000084000000, 0x0000000084100000, 0x0000000084100000|100%|HS|  |TAMS 0x0000000084100000, 0x0000000084100000| Complete 
|  13|0x0000000084100000, 0x0000000084200000, 0x0000000084200000|100%| O|  |TAMS 0x0000000084200000, 0x0000000084200000| Untracked 
|  14|0x0000000084200000, 0x0000000084300000, 0x0000000084300000|100%| O|  |TAMS 0x0000000084300000, 0x0000000084300000| Untracked 
|  15|0x0000000084300000, 0x0000000084400000, 0x0000000084400000|100%| O|  |TAMS 0x0000000084400000, 0x0000000084400000| Untracked 
|  16|0x0000000084400000, 0x0000000084500000, 0x0000000084500000|100%|HS|  |TAMS 0x0000000084500000, 0x0000000084500000| Complete 
|  17|0x0000000084500000, 0x0000000084600000, 0x0000000084600000|100%|HC|  |TAMS 0x0000000084600000, 0x0000000084600000| Complete 
|  18|0x0000000084600000, 0x0000000084700000, 0x0000000084700000|100%|HC|  |TAMS 0x0000000084700000, 0x0000000084700000| Complete 
|  19|0x0000000084700000, 0x0000000084800000, 0x0000000084800000|100%|HC|  |TAMS 0x0000000084800000, 0x0000000084800000| Complete 
|  20|0x0000000084800000, 0x0000000084900000, 0x0000000084900000|100%|HC|  |TAMS 0x0000000084900000, 0x0000000084900000| Complete 
|  21|0x0000000084900000, 0x0000000084a00000, 0x0000000084a00000|100%|HS|  |TAMS 0x0000000084a00000, 0x0000000084a00000| Complete 
|  22|0x0000000084a00000, 0x0000000084b00000, 0x0000000084b00000|100%| O|  |TAMS 0x0000000084b00000, 0x0000000084b00000| Untracked 
|  23|0x0000000084b00000, 0x0000000084c00000, 0x0000000084c00000|100%|HS|  |TAMS 0x0000000084c00000, 0x0000000084c00000| Complete 
|  24|0x0000000084c00000, 0x0000000084d00000, 0x0000000084d00000|100%|HC|  |TAMS 0x0000000084d00000, 0x0000000084d00000| Complete 
|  25|0x0000000084d00000, 0x0000000084e00000, 0x0000000084e00000|100%| O|  |TAMS 0x0000000084e00000, 0x0000000084e00000| Untracked 
|  26|0x0000000084e00000, 0x0000000084f00000, 0x0000000084f00000|100%| O|  |TAMS 0x0000000084e00000, 0x0000000084f00000| Untracked 
|  27|0x0000000084f00000, 0x0000000085000000, 0x0000000085000000|100%| O|  |TAMS 0x0000000085000000, 0x0000000085000000| Untracked 
|  28|0x0000000085000000, 0x0000000085100000, 0x0000000085100000|100%| O|  |TAMS 0x0000000085100000, 0x0000000085100000| Untracked 
|  29|0x0000000085100000, 0x0000000085200000, 0x0000000085200000|100%| O|  |TAMS 0x0000000085200000, 0x0000000085200000| Untracked 
|  30|0x0000000085200000, 0x0000000085300000, 0x0000000085300000|100%| O|  |TAMS 0x0000000085300000, 0x0000000085300000| Untracked 
|  31|0x0000000085300000, 0x0000000085400000, 0x0000000085400000|100%| O|  |TAMS 0x0000000085400000, 0x0000000085400000| Untracked 
|  32|0x0000000085400000, 0x0000000085500000, 0x0000000085500000|100%| O|  |TAMS 0x0000000085500000, 0x0000000085500000| Untracked 
|  33|0x0000000085500000, 0x0000000085600000, 0x0000000085600000|100%| O|  |TAMS 0x0000000085600000, 0x0000000085600000| Untracked 
|  34|0x0000000085600000, 0x0000000085700000, 0x0000000085700000|100%| O|  |TAMS 0x0000000085700000, 0x0000000085700000| Untracked 
|  35|0x0000000085700000, 0x0000000085800000, 0x0000000085800000|100%| O|  |TAMS 0x0000000085800000, 0x0000000085800000| Untracked 
|  36|0x0000000085800000, 0x0000000085800000, 0x0000000085900000|  0%| F|  |TAMS 0x0000000085800000, 0x0000000085800000| Untracked 
|  37|0x0000000085900000, 0x0000000085900000, 0x0000000085a00000|  0%| F|  |TAMS 0x0000000085900000, 0x0000000085900000| Untracked 
|  38|0x0000000085a00000, 0x0000000085b00000, 0x0000000085b00000|100%| O|  |TAMS 0x0000000085b00000, 0x0000000085b00000| Untracked 
|  39|0x0000000085b00000, 0x0000000085c00000, 0x0000000085c00000|100%| O|  |TAMS 0x0000000085c00000, 0x0000000085c00000| Untracked 
|  40|0x0000000085c00000, 0x0000000085d00000, 0x0000000085d00000|100%| O|  |TAMS 0x0000000085d00000, 0x0000000085d00000| Untracked 
|  41|0x0000000085d00000, 0x0000000085e00000, 0x0000000085e00000|100%| O|  |TAMS 0x0000000085e00000, 0x0000000085e00000| Untracked 
|  42|0x0000000085e00000, 0x0000000085f00000, 0x0000000085f00000|100%| O|  |TAMS 0x0000000085f00000, 0x0000000085f00000| Untracked 
|  43|0x0000000085f00000, 0x0000000086000000, 0x0000000086000000|100%| O|  |TAMS 0x0000000086000000, 0x0000000086000000| Untracked 
|  44|0x0000000086000000, 0x0000000086100000, 0x0000000086100000|100%| O|  |TAMS 0x0000000086100000, 0x0000000086100000| Untracked 
|  45|0x0000000086100000, 0x0000000086200000, 0x0000000086200000|100%| O|  |TAMS 0x0000000086200000, 0x0000000086200000| Untracked 
|  46|0x0000000086200000, 0x0000000086300000, 0x0000000086300000|100%| O|  |TAMS 0x0000000086300000, 0x0000000086300000| Untracked 
|  47|0x0000000086300000, 0x0000000086400000, 0x0000000086400000|100%| O|  |TAMS 0x0000000086400000, 0x0000000086400000| Untracked 
|  48|0x0000000086400000, 0x0000000086500000, 0x0000000086500000|100%| O|  |TAMS 0x0000000086500000, 0x0000000086500000| Untracked 
|  49|0x0000000086500000, 0x0000000086600000, 0x0000000086600000|100%| O|  |TAMS 0x0000000086600000, 0x0000000086600000| Untracked 
|  50|0x0000000086600000, 0x0000000086700000, 0x0000000086700000|100%| O|  |TAMS 0x0000000086700000, 0x0000000086700000| Untracked 
|  51|0x0000000086700000, 0x0000000086800000, 0x0000000086800000|100%| O|  |TAMS 0x0000000086800000, 0x0000000086800000| Untracked 
|  52|0x0000000086800000, 0x0000000086900000, 0x0000000086900000|100%| O|  |TAMS 0x0000000086900000, 0x0000000086900000| Untracked 
|  53|0x0000000086900000, 0x0000000086a00000, 0x0000000086a00000|100%| O|  |TAMS 0x0000000086a00000, 0x0000000086a00000| Untracked 
|  54|0x0000000086a00000, 0x0000000086b00000, 0x0000000086b00000|100%| O|  |TAMS 0x0000000086b00000, 0x0000000086b00000| Untracked 
|  55|0x0000000086b00000, 0x0000000086c00000, 0x0000000086c00000|100%| O|  |TAMS 0x0000000086c00000, 0x0000000086c00000| Untracked 
|  56|0x0000000086c00000, 0x0000000086d00000, 0x0000000086d00000|100%| O|  |TAMS 0x0000000086d00000, 0x0000000086d00000| Untracked 
|  57|0x0000000086d00000, 0x0000000086e00000, 0x0000000086e00000|100%| O|  |TAMS 0x0000000086e00000, 0x0000000086e00000| Untracked 
|  58|0x0000000086e00000, 0x0000000086f00000, 0x0000000086f00000|100%| O|  |TAMS 0x0000000086f00000, 0x0000000086f00000| Untracked 
|  59|0x0000000086f00000, 0x0000000087000000, 0x0000000087000000|100%| O|  |TAMS 0x0000000087000000, 0x0000000087000000| Untracked 
|  60|0x0000000087000000, 0x0000000087100000, 0x0000000087100000|100%| O|  |TAMS 0x0000000087100000, 0x0000000087100000| Untracked 
|  61|0x0000000087100000, 0x0000000087200000, 0x0000000087200000|100%| O|  |TAMS 0x0000000087100000, 0x0000000087200000| Untracked 
|  62|0x0000000087200000, 0x0000000087300000, 0x0000000087300000|100%| O|  |TAMS 0x0000000087200000, 0x0000000087300000| Untracked 
|  63|0x0000000087300000, 0x0000000087400000, 0x0000000087400000|100%| O|  |TAMS 0x0000000087300000, 0x0000000087400000| Untracked 
|  64|0x0000000087400000, 0x0000000087500000, 0x0000000087500000|100%| O|  |TAMS 0x0000000087400000, 0x0000000087500000| Untracked 
|  65|0x0000000087500000, 0x0000000087600000, 0x0000000087600000|100%| O|  |TAMS 0x0000000087500000, 0x0000000087600000| Untracked 
|  66|0x0000000087600000, 0x0000000087700000, 0x0000000087700000|100%| O|  |TAMS 0x0000000087600000, 0x0000000087700000| Untracked 
|  67|0x0000000087700000, 0x0000000087800000, 0x0000000087800000|100%| O|  |TAMS 0x0000000087700000, 0x0000000087800000| Untracked 
|  68|0x0000000087800000, 0x0000000087900000, 0x0000000087900000|100%| O|  |TAMS 0x0000000087900000, 0x0000000087900000| Untracked 
|  69|0x0000000087900000, 0x0000000087a00000, 0x0000000087a00000|100%| O|  |TAMS 0x0000000087a00000, 0x0000000087a00000| Untracked 
|  70|0x0000000087a00000, 0x0000000087b00000, 0x0000000087b00000|100%| O|  |TAMS 0x0000000087a80000, 0x0000000087b00000| Untracked 
|  71|0x0000000087b00000, 0x0000000087c00000, 0x0000000087c00000|100%| O|  |TAMS 0x0000000087b00000, 0x0000000087c00000| Untracked 
|  72|0x0000000087c00000, 0x0000000087d00000, 0x0000000087d00000|100%| O|  |TAMS 0x0000000087c00000, 0x0000000087c80000| Untracked 
|  73|0x0000000087d00000, 0x0000000087e00000, 0x0000000087e00000|100%| O|  |TAMS 0x0000000087d00000, 0x0000000087d00000| Untracked 
|  74|0x0000000087e00000, 0x0000000087f00000, 0x0000000087f00000|100%| O|  |TAMS 0x0000000087e00000, 0x0000000087e00000| Untracked 
|  75|0x0000000087f00000, 0x0000000087fdc000, 0x0000000088000000| 85%| O|  |TAMS 0x0000000087f00000, 0x0000000087f00000| Untracked 
|  76|0x0000000088000000, 0x0000000088100000, 0x0000000088100000|100%|HS|  |TAMS 0x0000000088000000, 0x0000000088000000| Complete 
|  77|0x0000000088100000, 0x0000000088200000, 0x0000000088200000|100%|HC|  |TAMS 0x0000000088100000, 0x0000000088100000| Complete 
|  78|0x0000000088200000, 0x0000000088300000, 0x0000000088300000|100%|HC|  |TAMS 0x0000000088200000, 0x0000000088200000| Complete 
|  79|0x0000000088300000, 0x0000000088300000, 0x0000000088400000|  0%| F|  |TAMS 0x0000000088300000, 0x0000000088300000| Untracked 
|  80|0x0000000088400000, 0x0000000088400000, 0x0000000088500000|  0%| F|  |TAMS 0x0000000088400000, 0x0000000088400000| Untracked 
|  81|0x0000000088500000, 0x0000000088500000, 0x0000000088600000|  0%| F|  |TAMS 0x0000000088500000, 0x0000000088500000| Untracked 
|  82|0x0000000088600000, 0x0000000088600000, 0x0000000088700000|  0%| F|  |TAMS 0x0000000088600000, 0x0000000088600000| Untracked 
|  83|0x0000000088700000, 0x0000000088700000, 0x0000000088800000|  0%| F|  |TAMS 0x0000000088700000, 0x0000000088700000| Untracked 
|  84|0x0000000088800000, 0x0000000088800000, 0x0000000088900000|  0%| F|  |TAMS 0x0000000088800000, 0x0000000088800000| Untracked 
|  85|0x0000000088900000, 0x0000000088900000, 0x0000000088a00000|  0%| F|  |TAMS 0x0000000088900000, 0x0000000088900000| Untracked 
|  86|0x0000000088a00000, 0x0000000088a00000, 0x0000000088b00000|  0%| F|  |TAMS 0x0000000088a00000, 0x0000000088a00000| Untracked 
|  87|0x0000000088b00000, 0x0000000088b00000, 0x0000000088c00000|  0%| F|  |TAMS 0x0000000088b00000, 0x0000000088b00000| Untracked 
|  88|0x0000000088c00000, 0x0000000088c00000, 0x0000000088d00000|  0%| F|  |TAMS 0x0000000088c00000, 0x0000000088c00000| Untracked 
|  89|0x0000000088d00000, 0x0000000088d00000, 0x0000000088e00000|  0%| F|  |TAMS 0x0000000088d00000, 0x0000000088d00000| Untracked 
|  90|0x0000000088e00000, 0x0000000088e00000, 0x0000000088f00000|  0%| F|  |TAMS 0x0000000088e00000, 0x0000000088e00000| Untracked 
|  91|0x0000000088f00000, 0x0000000088f00000, 0x0000000089000000|  0%| F|  |TAMS 0x0000000088f00000, 0x0000000088f00000| Untracked 
|  92|0x0000000089000000, 0x0000000089000000, 0x0000000089100000|  0%| F|  |TAMS 0x0000000089000000, 0x0000000089000000| Untracked 
|  93|0x0000000089100000, 0x0000000089100000, 0x0000000089200000|  0%| F|  |TAMS 0x0000000089100000, 0x0000000089100000| Untracked 
|  94|0x0000000089200000, 0x0000000089200000, 0x0000000089300000|  0%| F|  |TAMS 0x0000000089200000, 0x0000000089200000| Untracked 
|  95|0x0000000089300000, 0x0000000089300000, 0x0000000089400000|  0%| F|  |TAMS 0x0000000089300000, 0x0000000089300000| Untracked 
|  96|0x0000000089400000, 0x0000000089400000, 0x0000000089500000|  0%| F|  |TAMS 0x0000000089400000, 0x0000000089400000| Untracked 
|  97|0x0000000089500000, 0x0000000089500000, 0x0000000089600000|  0%| F|  |TAMS 0x0000000089500000, 0x0000000089500000| Untracked 
|  98|0x0000000089600000, 0x0000000089600000, 0x0000000089700000|  0%| F|  |TAMS 0x0000000089600000, 0x0000000089600000| Untracked 
|  99|0x0000000089700000, 0x0000000089700000, 0x0000000089800000|  0%| F|  |TAMS 0x0000000089700000, 0x0000000089700000| Untracked 
| 100|0x0000000089800000, 0x0000000089800000, 0x0000000089900000|  0%| F|  |TAMS 0x0000000089800000, 0x0000000089800000| Untracked 
| 101|0x0000000089900000, 0x0000000089900000, 0x0000000089a00000|  0%| F|  |TAMS 0x0000000089900000, 0x0000000089900000| Untracked 
| 102|0x0000000089a00000, 0x0000000089a00000, 0x0000000089b00000|  0%| F|  |TAMS 0x0000000089a00000, 0x0000000089a00000| Untracked 
| 103|0x0000000089b00000, 0x0000000089b00000, 0x0000000089c00000|  0%| F|  |TAMS 0x0000000089b00000, 0x0000000089b00000| Untracked 
| 104|0x0000000089c00000, 0x0000000089c00000, 0x0000000089d00000|  0%| F|  |TAMS 0x0000000089c00000, 0x0000000089c00000| Untracked 
| 105|0x0000000089d00000, 0x0000000089d00000, 0x0000000089e00000|  0%| F|  |TAMS 0x0000000089d00000, 0x0000000089d00000| Untracked 
| 106|0x0000000089e00000, 0x0000000089e00000, 0x0000000089f00000|  0%| F|  |TAMS 0x0000000089e00000, 0x0000000089e00000| Untracked 
| 107|0x0000000089f00000, 0x0000000089f00000, 0x000000008a000000|  0%| F|  |TAMS 0x0000000089f00000, 0x0000000089f00000| Untracked 
| 108|0x000000008a000000, 0x000000008a000000, 0x000000008a100000|  0%| F|  |TAMS 0x000000008a000000, 0x000000008a000000| Untracked 
| 109|0x000000008a100000, 0x000000008a100000, 0x000000008a200000|  0%| F|  |TAMS 0x000000008a100000, 0x000000008a100000| Untracked 
| 110|0x000000008a200000, 0x000000008a200000, 0x000000008a300000|  0%| F|  |TAMS 0x000000008a200000, 0x000000008a200000| Untracked 
| 111|0x000000008a300000, 0x000000008a300000, 0x000000008a400000|  0%| F|  |TAMS 0x000000008a300000, 0x000000008a300000| Untracked 
| 112|0x000000008a400000, 0x000000008a400000, 0x000000008a500000|  0%| F|  |TAMS 0x000000008a400000, 0x000000008a400000| Untracked 
| 113|0x000000008a500000, 0x000000008a500000, 0x000000008a600000|  0%| F|  |TAMS 0x000000008a500000, 0x000000008a500000| Untracked 
| 114|0x000000008a600000, 0x000000008a600000, 0x000000008a700000|  0%| F|  |TAMS 0x000000008a600000, 0x000000008a600000| Untracked 
| 115|0x000000008a700000, 0x000000008a700000, 0x000000008a800000|  0%| F|  |TAMS 0x000000008a700000, 0x000000008a700000| Untracked 
| 116|0x000000008a800000, 0x000000008a800000, 0x000000008a900000|  0%| F|  |TAMS 0x000000008a800000, 0x000000008a800000| Untracked 
| 117|0x000000008a900000, 0x000000008a900000, 0x000000008aa00000|  0%| F|  |TAMS 0x000000008a900000, 0x000000008a900000| Untracked 
| 118|0x000000008aa00000, 0x000000008aa00000, 0x000000008ab00000|  0%| F|  |TAMS 0x000000008aa00000, 0x000000008aa00000| Untracked 
| 119|0x000000008ab00000, 0x000000008ab00000, 0x000000008ac00000|  0%| F|  |TAMS 0x000000008ab00000, 0x000000008ab00000| Untracked 
| 120|0x000000008ac00000, 0x000000008ac00000, 0x000000008ad00000|  0%| F|  |TAMS 0x000000008ac00000, 0x000000008ac00000| Untracked 
| 121|0x000000008ad00000, 0x000000008ad00000, 0x000000008ae00000|  0%| F|  |TAMS 0x000000008ad00000, 0x000000008ad00000| Untracked 
| 122|0x000000008ae00000, 0x000000008ae00000, 0x000000008af00000|  0%| F|  |TAMS 0x000000008ae00000, 0x000000008ae00000| Untracked 
| 123|0x000000008af00000, 0x000000008af00000, 0x000000008b000000|  0%| F|  |TAMS 0x000000008af00000, 0x000000008af00000| Untracked 
| 124|0x000000008b000000, 0x000000008b000000, 0x000000008b100000|  0%| F|  |TAMS 0x000000008b000000, 0x000000008b000000| Untracked 
| 125|0x000000008b100000, 0x000000008b100000, 0x000000008b200000|  0%| F|  |TAMS 0x000000008b100000, 0x000000008b100000| Untracked 
| 126|0x000000008b200000, 0x000000008b200000, 0x000000008b300000|  0%| F|  |TAMS 0x000000008b200000, 0x000000008b200000| Untracked 
| 127|0x000000008b300000, 0x000000008b300000, 0x000000008b400000|  0%| F|  |TAMS 0x000000008b300000, 0x000000008b300000| Untracked 
| 128|0x000000008b400000, 0x000000008b400000, 0x000000008b500000|  0%| F|  |TAMS 0x000000008b400000, 0x000000008b400000| Untracked 
| 129|0x000000008b500000, 0x000000008b500000, 0x000000008b600000|  0%| F|  |TAMS 0x000000008b500000, 0x000000008b500000| Untracked 
| 130|0x000000008b600000, 0x000000008b600000, 0x000000008b700000|  0%| F|  |TAMS 0x000000008b600000, 0x000000008b600000| Untracked 
| 131|0x000000008b700000, 0x000000008b700000, 0x000000008b800000|  0%| F|  |TAMS 0x000000008b700000, 0x000000008b700000| Untracked 
| 132|0x000000008b800000, 0x000000008b800000, 0x000000008b900000|  0%| F|  |TAMS 0x000000008b800000, 0x000000008b800000| Untracked 
| 133|0x000000008b900000, 0x000000008b900000, 0x000000008ba00000|  0%| F|  |TAMS 0x000000008b900000, 0x000000008b900000| Untracked 
| 134|0x000000008ba00000, 0x000000008ba00000, 0x000000008bb00000|  0%| F|  |TAMS 0x000000008ba00000, 0x000000008ba00000| Untracked 
| 135|0x000000008bb00000, 0x000000008bb00000, 0x000000008bc00000|  0%| F|  |TAMS 0x000000008bb00000, 0x000000008bb00000| Untracked 
| 136|0x000000008bc00000, 0x000000008bc00000, 0x000000008bd00000|  0%| F|  |TAMS 0x000000008bc00000, 0x000000008bc00000| Untracked 
| 137|0x000000008bd00000, 0x000000008bd00000, 0x000000008be00000|  0%| F|  |TAMS 0x000000008bd00000, 0x000000008bd00000| Untracked 
| 138|0x000000008be00000, 0x000000008be00000, 0x000000008bf00000|  0%| F|  |TAMS 0x000000008be00000, 0x000000008be00000| Untracked 
| 139|0x000000008bf00000, 0x000000008bf00000, 0x000000008c000000|  0%| F|  |TAMS 0x000000008bf00000, 0x000000008bf00000| Untracked 
| 140|0x000000008c000000, 0x000000008c000000, 0x000000008c100000|  0%| F|  |TAMS 0x000000008c000000, 0x000000008c000000| Untracked 
| 141|0x000000008c100000, 0x000000008c100000, 0x000000008c200000|  0%| F|  |TAMS 0x000000008c100000, 0x000000008c100000| Untracked 
| 142|0x000000008c200000, 0x000000008c200000, 0x000000008c300000|  0%| F|  |TAMS 0x000000008c200000, 0x000000008c200000| Untracked 
| 143|0x000000008c300000, 0x000000008c300000, 0x000000008c400000|  0%| F|  |TAMS 0x000000008c300000, 0x000000008c300000| Untracked 
| 144|0x000000008c400000, 0x000000008c400000, 0x000000008c500000|  0%| F|  |TAMS 0x000000008c400000, 0x000000008c400000| Untracked 
| 145|0x000000008c500000, 0x000000008c500000, 0x000000008c600000|  0%| F|  |TAMS 0x000000008c500000, 0x000000008c500000| Untracked 
| 146|0x000000008c600000, 0x000000008c62b778, 0x000000008c700000| 16%| S|CS|TAMS 0x000000008c600000, 0x000000008c600000| Complete 
| 147|0x000000008c700000, 0x000000008c800000, 0x000000008c800000|100%| S|CS|TAMS 0x000000008c700000, 0x000000008c700000| Complete 
| 148|0x000000008c800000, 0x000000008c900000, 0x000000008c900000|100%| S|CS|TAMS 0x000000008c800000, 0x000000008c800000| Complete 
| 149|0x000000008c900000, 0x000000008ca00000, 0x000000008ca00000|100%| S|CS|TAMS 0x000000008c900000, 0x000000008c900000| Complete 
| 150|0x000000008ca00000, 0x000000008cb00000, 0x000000008cb00000|100%| S|CS|TAMS 0x000000008ca00000, 0x000000008ca00000| Complete 
| 151|0x000000008cb00000, 0x000000008cc00000, 0x000000008cc00000|100%| S|CS|TAMS 0x000000008cb00000, 0x000000008cb00000| Complete 
| 152|0x000000008cc00000, 0x000000008cd00000, 0x000000008cd00000|100%| S|CS|TAMS 0x000000008cc00000, 0x000000008cc00000| Complete 
| 153|0x000000008cd00000, 0x000000008ce00000, 0x000000008ce00000|100%| S|CS|TAMS 0x000000008cd00000, 0x000000008cd00000| Complete 
| 154|0x000000008ce00000, 0x000000008cf00000, 0x000000008cf00000|100%| S|CS|TAMS 0x000000008ce00000, 0x000000008ce00000| Complete 
| 155|0x000000008cf00000, 0x000000008d000000, 0x000000008d000000|100%| S|CS|TAMS 0x000000008cf00000, 0x000000008cf00000| Complete 
| 156|0x000000008d000000, 0x000000008d100000, 0x000000008d100000|100%| S|CS|TAMS 0x000000008d000000, 0x000000008d000000| Complete 
| 157|0x000000008d100000, 0x000000008d200000, 0x000000008d200000|100%| S|CS|TAMS 0x000000008d100000, 0x000000008d100000| Complete 
| 158|0x000000008d200000, 0x000000008d300000, 0x000000008d300000|100%| S|CS|TAMS 0x000000008d200000, 0x000000008d200000| Complete 
| 159|0x000000008d300000, 0x000000008d300000, 0x000000008d400000|  0%| F|  |TAMS 0x000000008d300000, 0x000000008d300000| Untracked 
| 160|0x000000008d400000, 0x000000008d480800, 0x000000008d500000| 50%| E|  |TAMS 0x000000008d400000, 0x000000008d400000| Complete 
| 161|0x000000008d500000, 0x000000008d600000, 0x000000008d600000|100%| E|CS|TAMS 0x000000008d500000, 0x000000008d500000| Complete 
| 162|0x000000008d600000, 0x000000008d700000, 0x000000008d700000|100%| E|CS|TAMS 0x000000008d600000, 0x000000008d600000| Complete 
| 163|0x000000008d700000, 0x000000008d800000, 0x000000008d800000|100%| E|CS|TAMS 0x000000008d700000, 0x000000008d700000| Complete 
| 164|0x000000008d800000, 0x000000008d900000, 0x000000008d900000|100%| E|CS|TAMS 0x000000008d800000, 0x000000008d800000| Complete 
| 165|0x000000008d900000, 0x000000008da00000, 0x000000008da00000|100%| E|CS|TAMS 0x000000008d900000, 0x000000008d900000| Complete 
| 166|0x000000008da00000, 0x000000008db00000, 0x000000008db00000|100%| E|CS|TAMS 0x000000008da00000, 0x000000008da00000| Complete 
| 167|0x000000008db00000, 0x000000008dc00000, 0x000000008dc00000|100%| E|CS|TAMS 0x000000008db00000, 0x000000008db00000| Complete 
| 168|0x000000008dc00000, 0x000000008dd00000, 0x000000008dd00000|100%| E|CS|TAMS 0x000000008dc00000, 0x000000008dc00000| Complete 
| 169|0x000000008dd00000, 0x000000008de00000, 0x000000008de00000|100%| E|CS|TAMS 0x000000008dd00000, 0x000000008dd00000| Complete 
| 170|0x000000008de00000, 0x000000008df00000, 0x000000008df00000|100%| E|CS|TAMS 0x000000008de00000, 0x000000008de00000| Complete 
| 171|0x000000008df00000, 0x000000008e000000, 0x000000008e000000|100%| E|CS|TAMS 0x000000008df00000, 0x000000008df00000| Complete 
| 172|0x000000008e000000, 0x000000008e100000, 0x000000008e100000|100%| E|CS|TAMS 0x000000008e000000, 0x000000008e000000| Complete 
| 173|0x000000008e100000, 0x000000008e200000, 0x000000008e200000|100%| E|CS|TAMS 0x000000008e100000, 0x000000008e100000| Complete 
| 174|0x000000008e200000, 0x000000008e300000, 0x000000008e300000|100%| E|CS|TAMS 0x000000008e200000, 0x000000008e200000| Complete 
| 175|0x000000008e300000, 0x000000008e400000, 0x000000008e400000|100%| E|CS|TAMS 0x000000008e300000, 0x000000008e300000| Complete 
| 176|0x000000008e400000, 0x000000008e500000, 0x000000008e500000|100%| E|CS|TAMS 0x000000008e400000, 0x000000008e400000| Complete 
| 177|0x000000008e500000, 0x000000008e600000, 0x000000008e600000|100%| E|CS|TAMS 0x000000008e500000, 0x000000008e500000| Complete 
| 178|0x000000008e600000, 0x000000008e700000, 0x000000008e700000|100%| E|CS|TAMS 0x000000008e600000, 0x000000008e600000| Complete 
| 179|0x000000008e700000, 0x000000008e800000, 0x000000008e800000|100%| E|CS|TAMS 0x000000008e700000, 0x000000008e700000| Complete 
| 180|0x000000008e800000, 0x000000008e900000, 0x000000008e900000|100%| E|CS|TAMS 0x000000008e800000, 0x000000008e800000| Complete 
| 181|0x000000008e900000, 0x000000008ea00000, 0x000000008ea00000|100%| E|CS|TAMS 0x000000008e900000, 0x000000008e900000| Complete 
| 182|0x000000008ea00000, 0x000000008eb00000, 0x000000008eb00000|100%| E|CS|TAMS 0x000000008ea00000, 0x000000008ea00000| Complete 
| 183|0x000000008eb00000, 0x000000008ec00000, 0x000000008ec00000|100%| E|CS|TAMS 0x000000008eb00000, 0x000000008eb00000| Complete 
| 184|0x000000008ec00000, 0x000000008ed00000, 0x000000008ed00000|100%| E|CS|TAMS 0x000000008ec00000, 0x000000008ec00000| Complete 
| 185|0x000000008ed00000, 0x000000008ee00000, 0x000000008ee00000|100%| E|CS|TAMS 0x000000008ed00000, 0x000000008ed00000| Complete 
| 186|0x000000008ee00000, 0x000000008ef00000, 0x000000008ef00000|100%| E|CS|TAMS 0x000000008ee00000, 0x000000008ee00000| Complete 
| 187|0x000000008ef00000, 0x000000008f000000, 0x000000008f000000|100%| E|CS|TAMS 0x000000008ef00000, 0x000000008ef00000| Complete 
| 188|0x000000008f000000, 0x000000008f100000, 0x000000008f100000|100%| E|CS|TAMS 0x000000008f000000, 0x000000008f000000| Complete 
| 189|0x000000008f100000, 0x000000008f200000, 0x000000008f200000|100%| E|CS|TAMS 0x000000008f100000, 0x000000008f100000| Complete 
| 190|0x000000008f200000, 0x000000008f300000, 0x000000008f300000|100%| E|CS|TAMS 0x000000008f200000, 0x000000008f200000| Complete 
| 191|0x000000008f300000, 0x000000008f400000, 0x000000008f400000|100%| E|CS|TAMS 0x000000008f300000, 0x000000008f300000| Complete 
| 192|0x000000008f400000, 0x000000008f500000, 0x000000008f500000|100%| E|CS|TAMS 0x000000008f400000, 0x000000008f400000| Complete 
| 193|0x000000008f500000, 0x000000008f600000, 0x000000008f600000|100%| E|CS|TAMS 0x000000008f500000, 0x000000008f500000| Complete 
| 194|0x000000008f600000, 0x000000008f700000, 0x000000008f700000|100%| E|CS|TAMS 0x000000008f600000, 0x000000008f600000| Complete 
| 195|0x000000008f700000, 0x000000008f800000, 0x000000008f800000|100%| E|CS|TAMS 0x000000008f700000, 0x000000008f700000| Complete 
| 196|0x000000008f800000, 0x000000008f900000, 0x000000008f900000|100%| E|CS|TAMS 0x000000008f800000, 0x000000008f800000| Complete 
| 197|0x000000008f900000, 0x000000008fa00000, 0x000000008fa00000|100%| E|CS|TAMS 0x000000008f900000, 0x000000008f900000| Complete 
| 198|0x000000008fa00000, 0x000000008fb00000, 0x000000008fb00000|100%| E|CS|TAMS 0x000000008fa00000, 0x000000008fa00000| Complete 
| 199|0x000000008fb00000, 0x000000008fc00000, 0x000000008fc00000|100%| E|CS|TAMS 0x000000008fb00000, 0x000000008fb00000| Complete 
| 200|0x000000008fc00000, 0x000000008fd00000, 0x000000008fd00000|100%| E|CS|TAMS 0x000000008fc00000, 0x000000008fc00000| Complete 
| 201|0x000000008fd00000, 0x000000008fe00000, 0x000000008fe00000|100%| E|CS|TAMS 0x000000008fd00000, 0x000000008fd00000| Complete 
| 202|0x000000008fe00000, 0x000000008ff00000, 0x000000008ff00000|100%| E|CS|TAMS 0x000000008fe00000, 0x000000008fe00000| Complete 
| 203|0x000000008ff00000, 0x0000000090000000, 0x0000000090000000|100%| E|CS|TAMS 0x000000008ff00000, 0x000000008ff00000| Complete 
| 204|0x0000000090000000, 0x0000000090100000, 0x0000000090100000|100%| E|CS|TAMS 0x0000000090000000, 0x0000000090000000| Complete 
| 205|0x0000000090100000, 0x0000000090200000, 0x0000000090200000|100%| E|CS|TAMS 0x0000000090100000, 0x0000000090100000| Complete 
| 206|0x0000000090200000, 0x0000000090300000, 0x0000000090300000|100%| E|CS|TAMS 0x0000000090200000, 0x0000000090200000| Complete 
| 207|0x0000000090300000, 0x0000000090400000, 0x0000000090400000|100%| E|CS|TAMS 0x0000000090300000, 0x0000000090300000| Complete 
| 208|0x0000000090400000, 0x0000000090500000, 0x0000000090500000|100%| E|CS|TAMS 0x0000000090400000, 0x0000000090400000| Complete 
| 209|0x0000000090500000, 0x0000000090600000, 0x0000000090600000|100%| E|CS|TAMS 0x0000000090500000, 0x0000000090500000| Complete 
| 210|0x0000000090600000, 0x0000000090700000, 0x0000000090700000|100%| E|CS|TAMS 0x0000000090600000, 0x0000000090600000| Complete 
| 211|0x0000000090700000, 0x0000000090800000, 0x0000000090800000|100%| E|CS|TAMS 0x0000000090700000, 0x0000000090700000| Complete 
| 212|0x0000000090800000, 0x0000000090900000, 0x0000000090900000|100%| E|CS|TAMS 0x0000000090800000, 0x0000000090800000| Complete 
| 213|0x0000000090900000, 0x0000000090a00000, 0x0000000090a00000|100%| E|CS|TAMS 0x0000000090900000, 0x0000000090900000| Complete 
| 214|0x0000000090a00000, 0x0000000090b00000, 0x0000000090b00000|100%| E|CS|TAMS 0x0000000090a00000, 0x0000000090a00000| Complete 
| 215|0x0000000090b00000, 0x0000000090c00000, 0x0000000090c00000|100%| E|CS|TAMS 0x0000000090b00000, 0x0000000090b00000| Complete 
| 216|0x0000000090c00000, 0x0000000090d00000, 0x0000000090d00000|100%| E|CS|TAMS 0x0000000090c00000, 0x0000000090c00000| Complete 
| 217|0x0000000090d00000, 0x0000000090e00000, 0x0000000090e00000|100%| E|CS|TAMS 0x0000000090d00000, 0x0000000090d00000| Complete 
| 218|0x0000000090e00000, 0x0000000090f00000, 0x0000000090f00000|100%| E|CS|TAMS 0x0000000090e00000, 0x0000000090e00000| Complete 
| 219|0x0000000090f00000, 0x0000000091000000, 0x0000000091000000|100%| E|CS|TAMS 0x0000000090f00000, 0x0000000090f00000| Complete 
| 220|0x0000000091000000, 0x0000000091100000, 0x0000000091100000|100%| E|CS|TAMS 0x0000000091000000, 0x0000000091000000| Complete 
| 221|0x0000000091100000, 0x0000000091200000, 0x0000000091200000|100%| E|CS|TAMS 0x0000000091100000, 0x0000000091100000| Complete 
| 222|0x0000000091200000, 0x0000000091300000, 0x0000000091300000|100%| E|CS|TAMS 0x0000000091200000, 0x0000000091200000| Complete 
| 223|0x0000000091300000, 0x0000000091400000, 0x0000000091400000|100%| E|CS|TAMS 0x0000000091300000, 0x0000000091300000| Complete 
| 224|0x0000000091400000, 0x0000000091500000, 0x0000000091500000|100%| E|CS|TAMS 0x0000000091400000, 0x0000000091400000| Complete 
| 225|0x0000000091500000, 0x0000000091600000, 0x0000000091600000|100%| E|CS|TAMS 0x0000000091500000, 0x0000000091500000| Complete 
| 226|0x0000000091600000, 0x0000000091700000, 0x0000000091700000|100%| E|CS|TAMS 0x0000000091600000, 0x0000000091600000| Complete 
| 227|0x0000000091700000, 0x0000000091800000, 0x0000000091800000|100%| E|CS|TAMS 0x0000000091700000, 0x0000000091700000| Complete 
| 228|0x0000000091800000, 0x0000000091900000, 0x0000000091900000|100%| E|CS|TAMS 0x0000000091800000, 0x0000000091800000| Complete 
| 229|0x0000000091900000, 0x0000000091a00000, 0x0000000091a00000|100%| E|CS|TAMS 0x0000000091900000, 0x0000000091900000| Complete 
| 230|0x0000000091a00000, 0x0000000091b00000, 0x0000000091b00000|100%| E|CS|TAMS 0x0000000091a00000, 0x0000000091a00000| Complete 
| 231|0x0000000091b00000, 0x0000000091c00000, 0x0000000091c00000|100%| E|CS|TAMS 0x0000000091b00000, 0x0000000091b00000| Complete 
| 232|0x0000000091c00000, 0x0000000091d00000, 0x0000000091d00000|100%| E|CS|TAMS 0x0000000091c00000, 0x0000000091c00000| Complete 
| 233|0x0000000091d00000, 0x0000000091e00000, 0x0000000091e00000|100%| E|CS|TAMS 0x0000000091d00000, 0x0000000091d00000| Complete 
| 234|0x0000000091e00000, 0x0000000091f00000, 0x0000000091f00000|100%| E|CS|TAMS 0x0000000091e00000, 0x0000000091e00000| Complete 
| 235|0x0000000091f00000, 0x0000000092000000, 0x0000000092000000|100%| E|CS|TAMS 0x0000000091f00000, 0x0000000091f00000| Complete 
| 236|0x0000000092000000, 0x0000000092100000, 0x0000000092100000|100%| E|CS|TAMS 0x0000000092000000, 0x0000000092000000| Complete 
| 237|0x0000000092100000, 0x0000000092200000, 0x0000000092200000|100%| E|CS|TAMS 0x0000000092100000, 0x0000000092100000| Complete 
| 238|0x0000000092200000, 0x0000000092300000, 0x0000000092300000|100%| E|CS|TAMS 0x0000000092200000, 0x0000000092200000| Complete 
| 239|0x0000000092300000, 0x0000000092400000, 0x0000000092400000|100%| E|CS|TAMS 0x0000000092300000, 0x0000000092300000| Complete 
| 240|0x0000000092400000, 0x0000000092500000, 0x0000000092500000|100%| E|CS|TAMS 0x0000000092400000, 0x0000000092400000| Complete 
| 241|0x0000000092500000, 0x0000000092600000, 0x0000000092600000|100%| E|CS|TAMS 0x0000000092500000, 0x0000000092500000| Complete 
| 242|0x0000000092600000, 0x0000000092700000, 0x0000000092700000|100%| E|CS|TAMS 0x0000000092600000, 0x0000000092600000| Complete 
| 243|0x0000000092700000, 0x0000000092800000, 0x0000000092800000|100%| E|CS|TAMS 0x0000000092700000, 0x0000000092700000| Complete 
| 244|0x0000000092800000, 0x0000000092900000, 0x0000000092900000|100%| E|CS|TAMS 0x0000000092800000, 0x0000000092800000| Complete 
| 245|0x0000000092900000, 0x0000000092a00000, 0x0000000092a00000|100%| E|CS|TAMS 0x0000000092900000, 0x0000000092900000| Complete 
| 246|0x0000000092a00000, 0x0000000092b00000, 0x0000000092b00000|100%| E|CS|TAMS 0x0000000092a00000, 0x0000000092a00000| Complete 
| 247|0x0000000092b00000, 0x0000000092c00000, 0x0000000092c00000|100%| E|CS|TAMS 0x0000000092b00000, 0x0000000092b00000| Complete 
| 248|0x0000000092c00000, 0x0000000092d00000, 0x0000000092d00000|100%| E|CS|TAMS 0x0000000092c00000, 0x0000000092c00000| Complete 
| 249|0x0000000092d00000, 0x0000000092e00000, 0x0000000092e00000|100%| E|CS|TAMS 0x0000000092d00000, 0x0000000092d00000| Complete 
| 250|0x0000000092e00000, 0x0000000092f00000, 0x0000000092f00000|100%| E|CS|TAMS 0x0000000092e00000, 0x0000000092e00000| Complete 
| 251|0x0000000092f00000, 0x0000000093000000, 0x0000000093000000|100%| E|CS|TAMS 0x0000000092f00000, 0x0000000092f00000| Complete 
| 252|0x0000000093000000, 0x0000000093100000, 0x0000000093100000|100%| E|CS|TAMS 0x0000000093000000, 0x0000000093000000| Complete 
| 253|0x0000000093100000, 0x0000000093200000, 0x0000000093200000|100%| E|CS|TAMS 0x0000000093100000, 0x0000000093100000| Complete 
| 254|0x0000000093200000, 0x0000000093300000, 0x0000000093300000|100%| E|CS|TAMS 0x0000000093200000, 0x0000000093200000| Complete 
| 255|0x0000000093300000, 0x0000000093400000, 0x0000000093400000|100%| E|CS|TAMS 0x0000000093300000, 0x0000000093300000| Complete 
| 256|0x0000000093400000, 0x0000000093500000, 0x0000000093500000|100%| E|CS|TAMS 0x0000000093400000, 0x0000000093400000| Complete 
| 257|0x0000000093500000, 0x0000000093600000, 0x0000000093600000|100%| E|CS|TAMS 0x0000000093500000, 0x0000000093500000| Complete 
| 258|0x0000000093600000, 0x0000000093700000, 0x0000000093700000|100%| E|CS|TAMS 0x0000000093600000, 0x0000000093600000| Complete 
| 259|0x0000000093700000, 0x0000000093800000, 0x0000000093800000|100%| E|CS|TAMS 0x0000000093700000, 0x0000000093700000| Complete 
| 260|0x0000000093800000, 0x0000000093900000, 0x0000000093900000|100%| E|CS|TAMS 0x0000000093800000, 0x0000000093800000| Complete 
| 261|0x0000000093900000, 0x0000000093a00000, 0x0000000093a00000|100%| E|CS|TAMS 0x0000000093900000, 0x0000000093900000| Complete 
| 262|0x0000000093a00000, 0x0000000093b00000, 0x0000000093b00000|100%| E|CS|TAMS 0x0000000093a00000, 0x0000000093a00000| Complete 
| 263|0x0000000093b00000, 0x0000000093c00000, 0x0000000093c00000|100%| E|CS|TAMS 0x0000000093b00000, 0x0000000093b00000| Complete 

Card table byte_map: [0x00000170d8270000,0x00000170d8660000] _byte_map_base: 0x00000170d7e56000

Marking Bits (Prev, Next): (CMBitMap*) 0x00000170c10ba180, (CMBitMap*) 0x00000170c10ba140
 Prev Bits: [0x00000170da980000, 0x00000170dc8b0000)
 Next Bits: [0x00000170d8a50000, 0x00000170da980000)

Polling page: 0x00000170bef90000

Metaspace:

Usage:
  Non-class:     10.58 MB used.
      Class:      1.11 MB used.
       Both:     11.69 MB used.

Virtual space:
  Non-class space:       64.00 MB reserved,      10.69 MB ( 17%) committed,  1 nodes.
      Class space:        1.00 GB reserved,       1.19 MB ( <1%) committed,  1 nodes.
             Both:        1.06 GB reserved,      11.88 MB (  1%) committed. 

Chunk freelists:
   Non-Class:  3.48 MB
       Class:  14.78 MB
        Both:  18.26 MB

MaxMetaspaceSize: unlimited
CompressedClassSpaceSize: 1.00 GB
Initial GC threshold: 21.00 MB
Current GC threshold: 21.00 MB
CDS: on
MetaspaceReclaimPolicy: balanced
 - commit_granule_bytes: 65536.
 - commit_granule_words: 8192.
 - virtual_space_node_default_size: 8388608.
 - enlarge_chunks_in_place: 1.
 - new_chunks_are_fully_committed: 0.
 - uncommit_free_chunks: 1.
 - use_allocation_guard: 0.
 - handle_deallocations: 1.


Internal statistics:

num_allocs_failed_limit: 0.
num_arena_births: 74.
num_arena_deaths: 0.
num_vsnodes_births: 2.
num_vsnodes_deaths: 0.
num_space_committed: 190.
num_space_uncommitted: 0.
num_chunks_returned_to_freelist: 0.
num_chunks_taken_from_freelist: 466.
num_chunk_merges: 0.
num_chunk_splits: 337.
num_chunks_enlarged: 285.
num_inconsistent_stats: 0.

CodeHeap 'non-profiled nmethods': size=120000Kb used=2990Kb max_used=3071Kb free=117009Kb
 bounds [0x00000170d0620000, 0x00000170d0930000, 0x00000170d7b50000]
CodeHeap 'profiled nmethods': size=120000Kb used=8202Kb max_used=10624Kb free=111798Kb
 bounds [0x00000170c8b50000, 0x00000170c95c0000, 0x00000170d0080000]
CodeHeap 'non-nmethods': size=5760Kb used=1149Kb max_used=1244Kb free=4610Kb
 bounds [0x00000170d0080000, 0x00000170d02f0000, 0x00000170d0620000]
 total_blobs=4257 nmethods=3825 adapters=344
 compilation: enabled
              stopped_count=0, restarted_count=0
 full_count=0

Compilation events (20 events):
Event: 13.441 Thread 0x00000170df291470 5614       2       jdk.internal.org.objectweb.asm.MethodWriter::<init> (232 bytes)
Event: 13.442 Thread 0x00000170df291470 nmethod 5614 0x00000170c8fbde10 code [0x00000170c8fbe040, 0x00000170c8fbe958]
Event: 13.442 Thread 0x00000170df291470 5620       3       java.lang.String::substring (58 bytes)
Event: 13.443 Thread 0x00000170df291470 nmethod 5620 0x00000170c8f97c90 code [0x00000170c8f97e80, 0x00000170c8f98328]
Event: 13.443 Thread 0x00000170df291470 5618       2       jdk.internal.org.objectweb.asm.MethodWriter::computeMethodInfoSize (571 bytes)
Event: 13.445 Thread 0x00000170df291470 nmethod 5618 0x00000170c8b50010 code [0x00000170c8b502c0, 0x00000170c8b50b68]
Event: 13.445 Thread 0x00000170df291470 5615       2       jdk.internal.org.objectweb.asm.MethodVisitor::<init> (7 bytes)
Event: 13.445 Thread 0x00000170df291470 nmethod 5615 0x00000170c8d12990 code [0x00000170c8d12b20, 0x00000170c8d12c48]
Event: 13.445 Thread 0x00000170df291470 5619       2       jdk.internal.org.objectweb.asm.MethodWriter::hasFrames (13 bytes)
Event: 13.445 Thread 0x00000170df291470 nmethod 5619 0x00000170c8d7ef10 code [0x00000170c8d7f0a0, 0x00000170c8d7f1b8]
Event: 13.445 Thread 0x00000170df291470 5617       2       jdk.internal.org.objectweb.asm.MethodWriter::visitEnd (1 bytes)
Event: 13.445 Thread 0x00000170df291470 nmethod 5617 0x00000170c9003890 code [0x00000170c9003a20, 0x00000170c9003b18]
Event: 13.445 Thread 0x00000170df291470 5616       2       jdk.internal.org.objectweb.asm.Frame::getLocal (46 bytes)
Event: 13.445 Thread 0x00000170df291470 nmethod 5616 0x00000170c8d44c10 code [0x00000170c8d44da0, 0x00000170c8d44f38]
Event: 13.451 Thread 0x00000170df291470 5621       2       java.util.HashSet::isEmpty (8 bytes)
Event: 13.452 Thread 0x00000170df291470 nmethod 5621 0x00000170c8d80e90 code [0x00000170c8d81020, 0x00000170c8d81158]
Event: 13.454 Thread 0x00000170df291470 5622       2       jdk.nio.zipfs.ZipFileSystem::beginWrite (15 bytes)
Event: 13.454 Thread 0x00000170df291470 nmethod 5622 0x00000170c8ff7410 code [0x00000170c8ff75c0, 0x00000170c8ff7748]
Event: 13.455 Thread 0x00000170df291470 5623       2       jdk.nio.zipfs.ZipFileSystem::endWrite (15 bytes)
Event: 13.455 Thread 0x00000170df291470 nmethod 5623 0x00000170c8eb4b10 code [0x00000170c8eb4cc0, 0x00000170c8eb4e98]

GC Heap History (20 events):
Event: 5.502 GC heap before
{Heap before GC invocations=27 (full 0):
 garbage-first heap   total 59392K, used 33322K [0x0000000083400000, 0x0000000100000000)
  region size 1024K, 3 young (3072K), 2 survivors (2048K)
 Metaspace       used 7752K, committed 7936K, reserved 1114112K
  class space    used 863K, committed 960K, reserved 1048576K
}
Event: 5.505 GC heap after
{Heap after GC invocations=28 (full 0):
 garbage-first heap   total 59392K, used 18182K [0x0000000083400000, 0x0000000100000000)
  region size 1024K, 2 young (2048K), 2 survivors (2048K)
 Metaspace       used 7752K, committed 7936K, reserved 1114112K
  class space    used 863K, committed 960K, reserved 1048576K
}
Event: 5.652 GC heap before
{Heap before GC invocations=28 (full 0):
 garbage-first heap   total 59392K, used 47878K [0x0000000083400000, 0x0000000100000000)
  region size 1024K, 23 young (23552K), 2 survivors (2048K)
 Metaspace       used 7788K, committed 7936K, reserved 1114112K
  class space    used 863K, committed 960K, reserved 1048576K
}
Event: 5.664 GC heap after
{Heap after GC invocations=29 (full 0):
 garbage-first heap   total 59392K, used 23162K [0x0000000083400000, 0x0000000100000000)
  region size 1024K, 3 young (3072K), 3 survivors (3072K)
 Metaspace       used 7788K, committed 7936K, reserved 1114112K
  class space    used 863K, committed 960K, reserved 1048576K
}
Event: 6.016 GC heap before
{Heap before GC invocations=29 (full 0):
 garbage-first heap   total 59392K, used 42618K [0x0000000083400000, 0x0000000100000000)
  region size 1024K, 22 young (22528K), 3 survivors (3072K)
 Metaspace       used 7894K, committed 8064K, reserved 1114112K
  class space    used 863K, committed 960K, reserved 1048576K
}
Event: 6.029 GC heap after
{Heap after GC invocations=30 (full 0):
 garbage-first heap   total 118784K, used 27400K [0x0000000083400000, 0x0000000100000000)
  region size 1024K, 3 young (3072K), 3 survivors (3072K)
 Metaspace       used 7894K, committed 8064K, reserved 1114112K
  class space    used 863K, committed 960K, reserved 1048576K
}
Event: 7.187 GC heap before
{Heap before GC invocations=30 (full 0):
 garbage-first heap   total 118784K, used 79624K [0x0000000083400000, 0x0000000100000000)
  region size 1024K, 51 young (52224K), 3 survivors (3072K)
 Metaspace       used 9216K, committed 9408K, reserved 1114112K
  class space    used 985K, committed 1088K, reserved 1048576K
}
Event: 7.228 GC heap after
{Heap after GC invocations=31 (full 0):
 garbage-first heap   total 118784K, used 47104K [0x0000000083400000, 0x0000000100000000)
  region size 1024K, 7 young (7168K), 7 survivors (7168K)
 Metaspace       used 9216K, committed 9408K, reserved 1114112K
  class space    used 985K, committed 1088K, reserved 1048576K
}
Event: 7.416 GC heap before
{Heap before GC invocations=31 (full 0):
 garbage-first heap   total 118784K, used 80896K [0x0000000083400000, 0x0000000100000000)
  region size 1024K, 38 young (38912K), 7 survivors (7168K)
 Metaspace       used 9370K, committed 9536K, reserved 1114112K
  class space    used 988K, committed 1088K, reserved 1048576K
}
Event: 7.475 GC heap after
{Heap after GC invocations=32 (full 0):
 garbage-first heap   total 118784K, used 69120K [0x0000000083400000, 0x0000000100000000)
  region size 1024K, 5 young (5120K), 5 survivors (5120K)
 Metaspace       used 9370K, committed 9536K, reserved 1114112K
  class space    used 988K, committed 1088K, reserved 1048576K
}
Event: 7.730 GC heap before
{Heap before GC invocations=32 (full 0):
 garbage-first heap   total 118784K, used 86528K [0x0000000083400000, 0x0000000100000000)
  region size 1024K, 22 young (22528K), 5 survivors (5120K)
 Metaspace       used 9462K, committed 9664K, reserved 1114112K
  class space    used 988K, committed 1088K, reserved 1048576K
}
Event: 7.765 GC heap after
{Heap after GC invocations=33 (full 0):
 garbage-first heap   total 118784K, used 73728K [0x0000000083400000, 0x0000000100000000)
  region size 1024K, 3 young (3072K), 3 survivors (3072K)
 Metaspace       used 9462K, committed 9664K, reserved 1114112K
  class space    used 988K, committed 1088K, reserved 1048576K
}
Event: 8.009 GC heap before
{Heap before GC invocations=34 (full 0):
 garbage-first heap   total 135168K, used 90112K [0x0000000083400000, 0x0000000100000000)
  region size 1024K, 19 young (19456K), 3 survivors (3072K)
 Metaspace       used 9564K, committed 9728K, reserved 1114112K
  class space    used 992K, committed 1088K, reserved 1048576K
}
Event: 8.027 GC heap after
{Heap after GC invocations=35 (full 0):
 garbage-first heap   total 135168K, used 77312K [0x0000000083400000, 0x0000000100000000)
  region size 1024K, 3 young (3072K), 3 survivors (3072K)
 Metaspace       used 9564K, committed 9728K, reserved 1114112K
  class space    used 992K, committed 1088K, reserved 1048576K
}
Event: 8.045 GC heap before
{Heap before GC invocations=35 (full 0):
 garbage-first heap   total 135168K, used 78336K [0x0000000083400000, 0x0000000100000000)
  region size 1024K, 5 young (5120K), 3 survivors (3072K)
 Metaspace       used 9567K, committed 9728K, reserved 1114112K
  class space    used 992K, committed 1088K, reserved 1048576K
}
Event: 8.056 GC heap after
{Heap after GC invocations=36 (full 0):
 garbage-first heap   total 270336K, used 78487K [0x0000000083400000, 0x0000000100000000)
  region size 1024K, 1 young (1024K), 1 survivors (1024K)
 Metaspace       used 9567K, committed 9728K, reserved 1114112K
  class space    used 992K, committed 1088K, reserved 1048576K
}
Event: 10.598 GC heap before
{Heap before GC invocations=36 (full 0):
 garbage-first heap   total 270336K, used 174743K [0x0000000083400000, 0x0000000100000000)
  region size 1024K, 92 young (94208K), 1 survivors (1024K)
 Metaspace       used 11622K, committed 11776K, reserved 1114112K
  class space    used 1119K, committed 1216K, reserved 1048576K
}
Event: 10.612 GC heap after
{Heap after GC invocations=37 (full 0):
 garbage-first heap   total 270336K, used 85670K [0x0000000083400000, 0x0000000100000000)
  region size 1024K, 7 young (7168K), 7 survivors (7168K)
 Metaspace       used 11622K, committed 11776K, reserved 1114112K
  class space    used 1119K, committed 1216K, reserved 1048576K
}
Event: 11.774 GC heap before
{Heap before GC invocations=37 (full 0):
 garbage-first heap   total 270336K, used 186022K [0x0000000083400000, 0x0000000100000000)
  region size 1024K, 105 young (107520K), 7 survivors (7168K)
 Metaspace       used 11791K, committed 11968K, reserved 1114112K
  class space    used 1119K, committed 1216K, reserved 1048576K
}
Event: 11.795 GC heap after
{Heap after GC invocations=38 (full 0):
 garbage-first heap   total 270336K, used 91165K [0x0000000083400000, 0x0000000100000000)
  region size 1024K, 13 young (13312K), 13 survivors (13312K)
 Metaspace       used 11791K, committed 11968K, reserved 1114112K
  class space    used 1119K, committed 1216K, reserved 1048576K
}

Dll operation events (6 events):
Event: 0.012 Loaded shared library C:\Program Files (x86)\Android\openjdk\jdk-17.0.8.101-hotspot\bin\java.dll
Event: 0.054 Loaded shared library C:\Program Files (x86)\Android\openjdk\jdk-17.0.8.101-hotspot\bin\jsvml.dll
Event: 0.143 Loaded shared library C:\Program Files (x86)\Android\openjdk\jdk-17.0.8.101-hotspot\bin\jimage.dll
Event: 0.266 Loaded shared library C:\Program Files (x86)\Android\openjdk\jdk-17.0.8.101-hotspot\bin\net.dll
Event: 0.269 Loaded shared library C:\Program Files (x86)\Android\openjdk\jdk-17.0.8.101-hotspot\bin\nio.dll
Event: 0.910 Loaded shared library C:\Program Files (x86)\Android\openjdk\jdk-17.0.8.101-hotspot\bin\zip.dll

Deoptimization events (20 events):
Event: 12.954 Thread 0x00000170c105e970 DEOPT PACKING pc=0x00000170d08079e0 sp=0x0000002cfa7fe640
Event: 12.954 Thread 0x00000170c105e970 DEOPT UNPACKING pc=0x00000170d00d69a3 sp=0x0000002cfa7fe5b0 mode 2
Event: 12.954 Thread 0x00000170c105e970 Uncommon trap: trap_request=0xffffffde fr.pc=0x00000170d08079e0 relative=0x0000000000000060
Event: 12.954 Thread 0x00000170c105e970 Uncommon trap: reason=class_check action=maybe_recompile pc=0x00000170d08079e0 method=com.sun.tools.javac.jvm.ClassWriter.writeJavaAnnotations(Lcom/sun/tools/javac/util/List;)I @ 1 c2
Event: 12.954 Thread 0x00000170c105e970 DEOPT PACKING pc=0x00000170d08079e0 sp=0x0000002cfa7fe640
Event: 12.954 Thread 0x00000170c105e970 DEOPT UNPACKING pc=0x00000170d00d69a3 sp=0x0000002cfa7fe5b0 mode 2
Event: 12.974 Thread 0x00000170c105e970 DEOPT PACKING pc=0x00000170c8cafeda sp=0x0000002cfa7fe1f0
Event: 12.974 Thread 0x00000170c105e970 DEOPT UNPACKING pc=0x00000170d00d7143 sp=0x0000002cfa7fd6e8 mode 0
Event: 13.065 Thread 0x00000170c105e970 DEOPT PACKING pc=0x00000170c8c3a65b sp=0x0000002cfa7fe760
Event: 13.065 Thread 0x00000170c105e970 DEOPT UNPACKING pc=0x00000170d00d7143 sp=0x0000002cfa7fdc00 mode 0
Event: 13.180 Thread 0x00000170c105e970 DEOPT PACKING pc=0x00000170c92d766a sp=0x0000002cfa7fe4e0
Event: 13.180 Thread 0x00000170c105e970 DEOPT UNPACKING pc=0x00000170d00d7143 sp=0x0000002cfa7fdab0 mode 0
Event: 13.273 Thread 0x00000170c105e970 DEOPT PACKING pc=0x00000170c8c3a65b sp=0x0000002cfa7fe090
Event: 13.273 Thread 0x00000170c105e970 DEOPT UNPACKING pc=0x00000170d00d7143 sp=0x0000002cfa7fd530 mode 0
Event: 13.398 Thread 0x00000170c105e970 DEOPT PACKING pc=0x00000170c8cb72e4 sp=0x0000002cfa7fe5e0
Event: 13.398 Thread 0x00000170c105e970 DEOPT UNPACKING pc=0x00000170d00d7143 sp=0x0000002cfa7fdb60 mode 0
Event: 13.434 Thread 0x00000170c105e970 Uncommon trap: trap_request=0xffffff45 fr.pc=0x00000170d0674388 relative=0x00000000000004e8
Event: 13.434 Thread 0x00000170c105e970 Uncommon trap: reason=unstable_if action=reinterpret pc=0x00000170d0674388 method=java.lang.StringLatin1.newString([BII)Ljava/lang/String; @ 1 c2
Event: 13.434 Thread 0x00000170c105e970 DEOPT PACKING pc=0x00000170d0674388 sp=0x0000002cfa7fe720
Event: 13.434 Thread 0x00000170c105e970 DEOPT UNPACKING pc=0x00000170d00d69a3 sp=0x0000002cfa7fe680 mode 2

Classes unloaded (0 events):
No events

Classes redefined (0 events):
No events

Internal exceptions (20 events):
Event: 13.369 Thread 0x00000170c105e970 Exception <a 'sun/nio/fs/WindowsException'{0x000000008d7b9688}> (0x000000008d7b9688) 
thrown [s\src\hotspot\share\prims\jni.cpp, line 516]
Event: 13.373 Thread 0x00000170c105e970 Exception <a 'sun/nio/fs/WindowsException'{0x000000008d7d8690}> (0x000000008d7d8690) 
thrown [s\src\hotspot\share\prims\jni.cpp, line 516]
Event: 13.377 Thread 0x00000170c105e970 Exception <a 'sun/nio/fs/WindowsException'{0x000000008d7f7c50}> (0x000000008d7f7c50) 
thrown [s\src\hotspot\share\prims\jni.cpp, line 516]
Event: 13.381 Thread 0x00000170c105e970 Exception <a 'sun/nio/fs/WindowsException'{0x000000008d6169d8}> (0x000000008d6169d8) 
thrown [s\src\hotspot\share\prims\jni.cpp, line 516]
Event: 13.382 Thread 0x00000170c105e970 Exception <a 'sun/nio/fs/WindowsException'{0x000000008d616f70}> (0x000000008d616f70) 
thrown [s\src\hotspot\share\prims\jni.cpp, line 516]
Event: 13.386 Thread 0x00000170c105e970 Exception <a 'sun/nio/fs/WindowsException'{0x000000008d635120}> (0x000000008d635120) 
thrown [s\src\hotspot\share\prims\jni.cpp, line 516]
Event: 13.390 Thread 0x00000170c105e970 Exception <a 'sun/nio/fs/WindowsException'{0x000000008d653898}> (0x000000008d653898) 
thrown [s\src\hotspot\share\prims\jni.cpp, line 516]
Event: 13.394 Thread 0x00000170c105e970 Exception <a 'sun/nio/fs/WindowsException'{0x000000008d672c50}> (0x000000008d672c50) 
thrown [s\src\hotspot\share\prims\jni.cpp, line 516]
Event: 13.394 Thread 0x00000170c105e970 Exception <a 'sun/nio/fs/WindowsException'{0x000000008d6731e0}> (0x000000008d6731e0) 
thrown [s\src\hotspot\share\prims\jni.cpp, line 516]
Event: 13.398 Thread 0x00000170c105e970 Exception <a 'sun/nio/fs/WindowsException'{0x000000008d696708}> (0x000000008d696708) 
thrown [s\src\hotspot\share\prims\jni.cpp, line 516]
Event: 13.399 Thread 0x00000170c105e970 Exception <a 'sun/nio/fs/WindowsException'{0x000000008d696c98}> (0x000000008d696c98) 
thrown [s\src\hotspot\share\prims\jni.cpp, line 516]
Event: 13.404 Thread 0x00000170c105e970 Exception <a 'sun/nio/fs/WindowsException'{0x000000008d6b6310}> (0x000000008d6b6310) 
thrown [s\src\hotspot\share\prims\jni.cpp, line 516]
Event: 13.404 Thread 0x00000170c105e970 Exception <a 'sun/nio/fs/WindowsException'{0x000000008d6b68a0}> (0x000000008d6b68a0) 
thrown [s\src\hotspot\share\prims\jni.cpp, line 516]
Event: 13.408 Thread 0x00000170c105e970 Exception <a 'sun/nio/fs/WindowsException'{0x000000008d6d8d20}> (0x000000008d6d8d20) 
thrown [s\src\hotspot\share\prims\jni.cpp, line 516]
Event: 13.412 Thread 0x00000170c105e970 Exception <a 'sun/nio/fs/WindowsException'{0x000000008d6ff1c8}> (0x000000008d6ff1c8) 
thrown [s\src\hotspot\share\prims\jni.cpp, line 516]
Event: 13.412 Thread 0x00000170c105e970 Exception <a 'sun/nio/fs/WindowsException'{0x000000008d6ff758}> (0x000000008d6ff758) 
thrown [s\src\hotspot\share\prims\jni.cpp, line 516]
Event: 13.417 Thread 0x00000170c105e970 Exception <a 'sun/nio/fs/WindowsException'{0x000000008d51e4c0}> (0x000000008d51e4c0) 
thrown [s\src\hotspot\share\prims\jni.cpp, line 516]
Event: 13.418 Thread 0x00000170c105e970 Exception <a 'sun/nio/fs/WindowsException'{0x000000008d51ea58}> (0x000000008d51ea58) 
thrown [s\src\hotspot\share\prims\jni.cpp, line 516]
Event: 13.424 Thread 0x00000170c105e970 Exception <a 'sun/nio/fs/WindowsException'{0x000000008d53d320}> (0x000000008d53d320) 
thrown [s\src\hotspot\share\prims\jni.cpp, line 516]
Event: 13.441 Thread 0x00000170c105e970 Exception <a 'java/lang/NoSuchMethodError'{0x000000008d5866f0}: 'void java.lang.invoke.DirectMethodHandle$Holder.invokeStatic(java.lang.Object, java.lang.Object, java.lang.Object)'> (0x000000008d5866f0) 
thrown [s\src\hotspot\share\interpreter\linkResolver.cpp, line 759]

VM Operations (20 events):
Event: 10.598 Executing VM operation: G1CollectForAllocation
Event: 10.612 Executing VM operation: G1CollectForAllocation done
Event: 11.046 Executing VM operation: ICBufferFull
Event: 11.046 Executing VM operation: ICBufferFull done
Event: 11.774 Executing VM operation: G1CollectForAllocation
Event: 11.795 Executing VM operation: G1CollectForAllocation done
Event: 12.664 Executing VM operation: ICBufferFull
Event: 12.664 Executing VM operation: ICBufferFull done
Event: 12.685 Executing VM operation: HandshakeAllThreads
Event: 12.685 Executing VM operation: HandshakeAllThreads done
Event: 12.758 Executing VM operation: HandshakeAllThreads
Event: 12.758 Executing VM operation: HandshakeAllThreads done
Event: 12.800 Executing VM operation: HandshakeAllThreads
Event: 12.800 Executing VM operation: HandshakeAllThreads done
Event: 12.941 Executing VM operation: ICBufferFull
Event: 12.941 Executing VM operation: ICBufferFull done
Event: 13.131 Executing VM operation: ICBufferFull
Event: 13.131 Executing VM operation: ICBufferFull done
Event: 13.434 Executing VM operation: HandshakeAllThreads
Event: 13.434 Executing VM operation: HandshakeAllThreads done

Events (20 events):
Event: 12.809 Thread 0x00000170df294280 flushing nmethod 0x00000170c9440810
Event: 12.809 Thread 0x00000170df294280 flushing nmethod 0x00000170c944ca10
Event: 12.809 Thread 0x00000170df294280 flushing nmethod 0x00000170c944ce10
Event: 12.809 Thread 0x00000170df294280 flushing nmethod 0x00000170c9455a90
Event: 12.809 Thread 0x00000170df294280 flushing nmethod 0x00000170c9498a90
Event: 12.809 Thread 0x00000170df294280 flushing nmethod 0x00000170c949a190
Event: 12.809 Thread 0x00000170df294280 flushing nmethod 0x00000170c94d5a90
Event: 12.810 Thread 0x00000170df294280 flushing nmethod 0x00000170c955a510
Event: 13.432 loading class java/text/MessageFormat
Event: 13.433 loading class java/text/MessageFormat done
Event: 13.435 loading class java/util/EnumMap$Values
Event: 13.436 loading class java/util/EnumMap$Values done
Event: 13.436 loading class java/util/EnumMap$ValueIterator
Event: 13.436 loading class java/util/EnumMap$EnumMapIterator
Event: 13.436 loading class java/util/EnumMap$EnumMapIterator done
Event: 13.436 loading class java/util/EnumMap$ValueIterator done
Event: 13.439 loading class java/util/WeakHashMap$KeyIterator
Event: 13.439 loading class java/util/WeakHashMap$HashIterator
Event: 13.440 loading class java/util/WeakHashMap$HashIterator done
Event: 13.440 loading class java/util/WeakHashMap$KeyIterator done


Dynamic libraries:
0x00007ff7a9970000 - 0x00007ff7a9978000 	C:\Program Files (x86)\Android\openjdk\jdk-17.0.8.101-hotspot\bin\javac.exe
0x00007ffd89030000 - 0x00007ffd89246000 	C:\WINDOWS\SYSTEM32\ntdll.dll
0x00007ffd88690000 - 0x00007ffd88754000 	C:\WINDOWS\System32\KERNEL32.DLL
0x00007ffd86890000 - 0x00007ffd86c37000 	C:\WINDOWS\System32\KERNELBASE.dll
0x00007ffd864c0000 - 0x00007ffd865d1000 	C:\WINDOWS\System32\ucrtbase.dll
0x00007ffd66e60000 - 0x00007ffd66e77000 	C:\Program Files (x86)\Android\openjdk\jdk-17.0.8.101-hotspot\bin\jli.dll
0x00007ffd39ca0000 - 0x00007ffd39cbb000 	C:\Program Files (x86)\Android\openjdk\jdk-17.0.8.101-hotspot\bin\VCRUNTIME140.dll
0x00007ffd88000000 - 0x00007ffd881ae000 	C:\WINDOWS\System32\USER32.dll
0x00007ffd866a0000 - 0x00007ffd866c6000 	C:\WINDOWS\System32\win32u.dll
0x00007ffd4b870000 - 0x00007ffd4bb03000 	C:\WINDOWS\WinSxS\amd64_microsoft.windows.common-controls_6595b64144ccf1df_6.0.22621.3235_none_270f74e173860f98\COMCTL32.dll
0x00007ffd87d90000 - 0x00007ffd87db9000 	C:\WINDOWS\System32\GDI32.dll
0x00007ffd87dc0000 - 0x00007ffd87e67000 	C:\WINDOWS\System32\msvcrt.dll
0x00007ffd86770000 - 0x00007ffd86889000 	C:\WINDOWS\System32\gdi32full.dll
0x00007ffd86cc0000 - 0x00007ffd86d5a000 	C:\WINDOWS\System32\msvcp_win.dll
0x00007ffd882e0000 - 0x00007ffd88311000 	C:\WINDOWS\System32\IMM32.DLL
0x00007ffd7c7c0000 - 0x00007ffd7c7cc000 	C:\Program Files (x86)\Android\openjdk\jdk-17.0.8.101-hotspot\bin\vcruntime140_1.dll
0x00007ffcea8a0000 - 0x00007ffcea92d000 	C:\Program Files (x86)\Android\openjdk\jdk-17.0.8.101-hotspot\bin\msvcp140.dll
0x00007ffc640e0000 - 0x00007ffc64d45000 	C:\Program Files (x86)\Android\openjdk\jdk-17.0.8.101-hotspot\bin\server\jvm.dll
0x00007ffd87f40000 - 0x00007ffd87ff2000 	C:\WINDOWS\System32\ADVAPI32.dll
0x00007ffd88320000 - 0x00007ffd883c8000 	C:\WINDOWS\System32\sechost.dll
0x00007ffd866d0000 - 0x00007ffd866f8000 	C:\WINDOWS\System32\bcrypt.dll
0x00007ffd881c0000 - 0x00007ffd882d5000 	C:\WINDOWS\System32\RPCRT4.dll
0x00007ffd49690000 - 0x00007ffd49699000 	C:\WINDOWS\SYSTEM32\WSOCK32.dll
0x00007ffd7df00000 - 0x00007ffd7df34000 	C:\WINDOWS\SYSTEM32\WINMM.dll
0x00007ffd86220000 - 0x00007ffd8626d000 	C:\WINDOWS\SYSTEM32\POWRPROF.dll
0x00007ffd87e70000 - 0x00007ffd87ee1000 	C:\WINDOWS\System32\WS2_32.dll
0x00007ffd7a9e0000 - 0x00007ffd7a9ea000 	C:\WINDOWS\SYSTEM32\VERSION.dll
0x00007ffd86200000 - 0x00007ffd86213000 	C:\WINDOWS\SYSTEM32\UMPDC.dll
0x00007ffd85350000 - 0x00007ffd85368000 	C:\WINDOWS\SYSTEM32\kernel.appcore.dll
0x00007ffd40470000 - 0x00007ffd4047a000 	C:\Program Files (x86)\Android\openjdk\jdk-17.0.8.101-hotspot\bin\jimage.dll
0x00007ffd805b0000 - 0x00007ffd807e3000 	C:\WINDOWS\SYSTEM32\DBGHELP.DLL
0x00007ffd88c60000 - 0x00007ffd88fe8000 	C:\WINDOWS\System32\combase.dll
0x00007ffd87c80000 - 0x00007ffd87d57000 	C:\WINDOWS\System32\OLEAUT32.dll
0x00007ffd64150000 - 0x00007ffd64182000 	C:\WINDOWS\SYSTEM32\dbgcore.DLL
0x00007ffd86c40000 - 0x00007ffd86cb9000 	C:\WINDOWS\System32\bcryptPrimitives.dll
0x00007ffd13380000 - 0x00007ffd133a5000 	C:\Program Files (x86)\Android\openjdk\jdk-17.0.8.101-hotspot\bin\java.dll
0x00007ffc92550000 - 0x00007ffc92627000 	C:\Program Files (x86)\Android\openjdk\jdk-17.0.8.101-hotspot\bin\jsvml.dll
0x00007ffd87410000 - 0x00007ffd87c6c000 	C:\WINDOWS\System32\SHELL32.dll
0x00007ffd84260000 - 0x00007ffd84b59000 	C:\WINDOWS\SYSTEM32\windows.storage.dll
0x00007ffd84120000 - 0x00007ffd8425e000 	C:\WINDOWS\SYSTEM32\wintypes.dll
0x00007ffd87290000 - 0x00007ffd87383000 	C:\WINDOWS\System32\SHCORE.dll
0x00007ffd883d0000 - 0x00007ffd8842e000 	C:\WINDOWS\System32\shlwapi.dll
0x00007ffd86280000 - 0x00007ffd862a1000 	C:\WINDOWS\SYSTEM32\profapi.dll
0x00007ffd28aa0000 - 0x00007ffd28ab9000 	C:\Program Files (x86)\Android\openjdk\jdk-17.0.8.101-hotspot\bin\net.dll
0x00007ffd7edb0000 - 0x00007ffd7eee6000 	C:\WINDOWS\SYSTEM32\WINHTTP.dll
0x00007ffd857b0000 - 0x00007ffd85819000 	C:\WINDOWS\system32\mswsock.dll
0x00007ffd25db0000 - 0x00007ffd25dc6000 	C:\Program Files (x86)\Android\openjdk\jdk-17.0.8.101-hotspot\bin\nio.dll
0x00007ffd231b0000 - 0x00007ffd231c8000 	C:\Program Files (x86)\Android\openjdk\jdk-17.0.8.101-hotspot\bin\zip.dll

dbghelp: loaded successfully - version: 4.0.5 - missing functions: none
symbol engine: initialized successfully - sym options: 0x614 - pdb path: .;C:\Program Files (x86)\Android\openjdk\jdk-17.0.8.101-hotspot\bin;C:\WINDOWS\SYSTEM32;C:\WINDOWS\WinSxS\amd64_microsoft.windows.common-controls_6595b64144ccf1df_6.0.22621.3235_none_270f74e173860f98;C:\Program Files (x86)\Android\openjdk\jdk-17.0.8.101-hotspot\bin\server

VM Arguments:
jvm_args: -Dapplication.home=C:\Program Files (x86)\Android\openjdk\jdk-17.0.8.101-hotspot --add-modules=ALL-DEFAULT -Xms8m -Dfile.encoding=UTF8 -Djdk.module.main=jdk.compiler 
java_command: jdk.compiler/com.sun.tools.javac.Main @C:\Users\jcram\AppData\Local\Temp\tmp60C4.tmp -target 1.8 -source 1.8
java_class_path (initial): <not set>
Launcher Type: SUN_STANDARD

[Global flags]
     intx CICompilerCount                          = 4                                         {product} {ergonomic}
     uint ConcGCThreads                            = 2                                         {product} {ergonomic}
     uint G1ConcRefinementThreads                  = 8                                         {product} {ergonomic}
   size_t G1HeapRegionSize                         = 1048576                                   {product} {ergonomic}
    uintx GCDrainStackTargetSize                   = 64                                        {product} {ergonomic}
   size_t InitialHeapSize                          = 8388608                                   {product} {command line}
   size_t MarkStackSize                            = 4194304                                   {product} {ergonomic}
   size_t MaxHeapSize                              = 2092957696                                {product} {ergonomic}
   size_t MaxNewSize                               = 1255145472                                {product} {ergonomic}
   size_t MinHeapDeltaBytes                        = 1048576                                   {product} {ergonomic}
   size_t MinHeapSize                              = 8388608                                   {product} {command line}
    uintx NonNMethodCodeHeapSize                   = 5839372                                {pd product} {ergonomic}
    uintx NonProfiledCodeHeapSize                  = 122909434                              {pd product} {ergonomic}
    uintx ProfiledCodeHeapSize                     = 122909434                              {pd product} {ergonomic}
    uintx ReservedCodeCacheSize                    = 251658240                              {pd product} {ergonomic}
     bool SegmentedCodeCache                       = true                                      {product} {ergonomic}
   size_t SoftMaxHeapSize                          = 2092957696                             {manageable} {ergonomic}
     bool UseCompressedClassPointers               = true                           {product lp64_product} {ergonomic}
     bool UseCompressedOops                        = true                           {product lp64_product} {ergonomic}
     bool UseG1GC                                  = true                                      {product} {ergonomic}
     bool UseLargePagesIndividualAllocation        = false                                  {pd product} {ergonomic}

Logging:
Log output configuration:
 #0: stdout all=warning uptime,level,tags
 #1: stderr all=off uptime,level,tags

Environment Variables:
PATH=C:\Program Files (x86)\Android\openjdk\jdk-17.0.8.101-hotspot\bin;C:\Program Files\Microsoft\jdk-11.0.16.101-hotspot\bin;C:\Program Files\Eclipse Foundation\jdk-8.0.302.8-hotspot\bin;C:\Program Files\Microsoft MPI\Bin\;C:\WINDOWS\system32;C:\WINDOWS;C:\WINDOWS\System32\Wbem;C:\WINDOWS\System32\WindowsPowerShell\v1.0\;C:\WINDOWS\System32\OpenSSH\;C:\Program Files (x86)\Microsoft SQL Server\140\Tools\Binn\;C:\Program Files\Microsoft SQL Server\140\Tools\Binn\;C:\Program Files (x86)\Microsoft SQL Server\140\DTS\Binn\;C:\Program Files\Microsoft SQL Server\140\DTS\Binn\;C:\Program Files\Microsoft SQL Server\Client SDK\ODBC\130\Tools\Binn\;C:\Program Files (x86)\Microsoft SQL Server\150\DTS\Binn\;C:\Program Files\Microsoft SQL Server\130\Tools\Binn\;C:\Program Files\Microsoft SQL Server\Client SDK\ODBC\170\Tools\Binn\;C:\Program Files\PuTTY\;C:\xampp\php;C:\ProgramData\ComposerSetup\bin;C:\Program Files (x86)\Microsoft SQL Server\150\Tools\Binn\;C:\Program Files\Microsoft SQL Server\150\Tools\Binn\;C:\Program Files\Microsoft SQL Server\150\DTS\Binn\;C:\Program Files\Git\cmd;C:\Program Files\Microsoft\Web Platform Installer\;C:\Program Files\dotnet\;C:\WINDOWS\system32;C:\WINDOWS;C:\WINDOWS\System32\Wbem;C:\WINDOWS\System32\WindowsPowerShell\v1.0\;C:\WINDOWS\System32\OpenSSH\;C:\Users\jcram\AppData\Local\Microsoft\WindowsApps;;C:\Users\jcram\AppData\Local\Programs\Microsoft VS Code\bin;C:\Users\jcram\AppData\Roaming\Composer\vendor\bin;C:\Users\jcram\.dotnet\tools;C:\PROGRAM FILES\MICROSOFT VISUAL STUDIO\2022\COMMUNITY\COMMON7\IDE\EXTENSIONS\XAMARIN.VISUALSTUDIO
USERNAME=jcram
OS=Windows_NT
PROCESSOR_IDENTIFIER=Intel64 Family 6 Model 142 Stepping 12, GenuineIntel
TMP=C:\Users\jcram\AppData\Local\Temp
TEMP=C:\Users\jcram\AppData\Local\Temp



---------------  S Y S T E M  ---------------

OS:
 Windows 11 , 64 bit Build 22621 (10.0.22621.3374)
OS uptime: 1 days 7:14 hours
Hyper-V role detected

CPU: total 8 (initial active 8) (4 cores per cpu, 2 threads per core) family 6 model 142 stepping 12 microcode 0xde, cx8, cmov, fxsr, ht, mmx, 3dnowpref, sse, sse2, sse3, ssse3, sse4.1, sse4.2, popcnt, lzcnt, tsc, tscinvbit, avx, avx2, aes, erms, clmul, bmi1, bmi2, adx, fma, vzeroupper, clflush, clflushopt, hv
Processor Information for all 8 processors :
  Max Mhz: 2304, Current Mhz: 1803, Mhz Limit: 1797

Memory: 4k page, system-wide physical 7979M (307M free)
TotalPageFile size 19824M (AvailPageFile size 10M)
current process WorkingSet (physical memory assigned to process): 365M, peak: 372M
current process commit charge ("private bytes"): 421M, peak: 429M

vm_info: OpenJDK 64-Bit Server VM (17.0.8.1+1-LTS) for windows-amd64 JRE (17.0.8.1+1-LTS), built on Aug 23 2023 17:38:52 by "MicrosoftCorporation" with MS VC++ 16.10 / 16.11 (VS2019)

END.
